Removed Pin From Net: NetName=DS_0 Pin=DD1-2
Removed Pin From Net: NetName=+5V Pin=R3-1
Removed Pin From Net: NetName=NetDD1_23 Pin=R3-2
Removed Pin From Net: NetName=DS_0 Pin=R23-1
Removed Pin From Net: NetName=+5V Pin=R23-2
Removed Pin From Net: NetName=NetDD1_23 Pin=XP3-1
Removed Pin From Net: NetName=SGND Pin=XP3-2
Removed Pin From Net: NetName=SGND Pin=XP5-1
Removed Pin From Net: NetName=DS_0 Pin=XP5-2
Removed Pin From Net: NetName=+5V Pin=XP5-3
Removed Pin From Net: NetName=L_0_0 Pin=XP9-1
Removed Pin From Net: NetName=L_7_0 Pin=XP9-2
Removed Pin From Net: NetName=L_1_0 Pin=XP9-3
Removed Pin From Net: NetName=L_3_0 Pin=XP9-4
Removed Pin From Net: NetName=L_2_0 Pin=XP10-3
Removed Pin From Net: NetName=L_8_0 Pin=XP10-4
Removed Pin From Net: NetName=L_9_0 Pin=XP10-5
Removed Pin From Net: NetName=Left_P_0 Pin=XP11-1
Removed Pin From Net: NetName=Right_P_0 Pin=XP11-2
Removed Member From Class: ClassName=mcu Member=R3
Removed Member From Class: ClassName=mcu Member=R23
Removed Member From Class: ClassName=mcu Member=XP3
Removed Member From Class: ClassName=mcu Member=XP5
Change Component Footprint: Designator=EL1 Old Footprint=IN-16 New Footprint=IN-14
Change Component Footprint: Designator=EL2 Old Footprint=IN-16 New Footprint=IN-14
Change Component Footprint: Designator=EL3 Old Footprint=IN-16 New Footprint=IN-14
Change Component Comment : Designator=EL1 Old Comment=IN-16 New Comment=IN-14
Change Component Comment : Designator=EL2 Old Comment=IN-16 New Comment=IN-14
Change Component Comment : Designator=EL3 Old Comment=IN-16 New Comment=IN-14
Added Component: Designator=EL4(IN-14)
Added Component: Designator=La1(Neon_lamp)
Add component (AddParameter): Name = "Availability"; Value = "Unavailable"; VariantName = "[No Variations]"
Add component (AddParameter): Name = "MF"; Value = "Nexperia USA Inc."; VariantName = "[No Variations]"
Add component (AddParameter): Name = "MP"; Value = "1N4148"; VariantName = "[No Variations]"
Add component (AddParameter): Name = "Package"; Value = "DO-35 Nexperia USA Inc."; VariantName = "[No Variations]"
Add component (AddParameter): Name = "Price"; Value = "None"; VariantName = "[No Variations]"
Add component (AddParameter): Name = "SnapEDA_Link"; Value = "https://www.snapeda.com/parts/1N4148/Nexperia%20USA%20Inc./view-part/4413009/?ref=snap"; VariantName = "[No Variations]"
Add component (AddParameter): Name = "Value"; Value = ""; VariantName = "[No Variations]"
Added Component: Designator=R24(CR2012-0805)
Added Component: Designator=R25(CR2012-0805)
Added Component: Designator=R26(CR2012-0805)
Added Component: Designator=R27(CR2012-0805)
Added Component: Designator=R28(CR2012-0805)
Added Component: Designator=R30(CR2012-0805)
Added Component: Designator=R31(CR2012-0805)
Added Component: Designator=VD3(SOD-80)
Added Component: Designator=VT10(SOT-23)
Added Component: Designator=VT11(SOT-23)
Added Component: Designator=VT12(SOT-23)
Added Component: Designator=XP12(PLS-5)
Added Component: Designator=XP13(PLS-5)
Added Component: Designator=XP14(PLS-2)
Added Component: Designator=XP?(PLS-4)
Added Pin To Net: NetName=L_1_0 Pin=EL4-2
Added Pin To Net: NetName=L_7_0 Pin=EL4-3
Added Pin To Net: NetName=L_3_0 Pin=EL4-4
Added Pin To Net: NetName=Left_P_0 Pin=EL4-5
Added Pin To Net: NetName=L_4_0 Pin=EL4-6
Added Pin To Net: NetName=L_5_0 Pin=EL4-7
Added Pin To Net: NetName=L_6_0 Pin=EL4-8
Added Pin To Net: NetName=L_2_0 Pin=EL4-9
Added Pin To Net: NetName=Right_P_0 Pin=EL4-10
Added Pin To Net: NetName=L_8_0 Pin=EL4-11
Added Pin To Net: NetName=L_9_0 Pin=EL4-12
Added Pin To Net: NetName=L_0_0 Pin=EL4-13
Added Pin To Net: NetName=+180V Pin=R26-2
Added Pin To Net: NetName=SGND Pin=R28-1
Added Pin To Net: NetName=NetDD1_23 Pin=R28-2
Added Pin To Net: NetName=DS_0 Pin=R30-2
Added Pin To Net: NetName=SGND Pin=VD3-1
Added Pin To Net: NetName=SGND Pin=VT10-2
Added Pin To Net: NetName=+180V Pin=VT11-2
Added Pin To Net: NetName=DS_0 Pin=VT12-1
Added Pin To Net: NetName=SGND Pin=VT12-2
Added Pin To Net: NetName=L_9_0 Pin=XP9-1
Added Pin To Net: NetName=L_2_0 Pin=XP9-2
Added Pin To Net: NetName=L_7_0 Pin=XP9-3
Added Pin To Net: NetName=Left_P_0 Pin=XP9-4
Added Pin To Net: NetName=L_3_0 Pin=XP10-3
Added Pin To Net: NetName=Right_P_0 Pin=XP10-4
Added Pin To Net: NetName=L_8_0 Pin=XP10-5
Added Pin To Net: NetName=L_1_0 Pin=XP11-1
Added Pin To Net: NetName=L_0_0 Pin=XP11-2
Added Pin To Net: NetName=+180V Pin=XP12-3
Added Pin To Net: NetName=NetDD1_23 Pin=XP14-1
Added Pin To Net: NetName=+5V Pin=XP14-2
Added Pin To Net: NetName=SGND Pin=XP?-3
Added Pin To Net: NetName=+5V Pin=XP?-4
Change Net Name : Old Net Name=DS_0 New Net Name=NetR30_2
Change Net Name : Old Net Name=L_0_0 New Net Name=Right_P_0
Change Net Name : Old Net Name=L_1_0 New Net Name=Left_P_0
Change Net Name : Old Net Name=L_2_0 New Net Name=L_7_0
Change Net Name : Old Net Name=L_3_0 New Net Name=L_2_0
Change Net Name : Old Net Name=L_7_0 New Net Name=L_1_0
Change Net Name : Old Net Name=L_8_0 New Net Name=L_9_0
Change Net Name : Old Net Name=L_9_0 New Net Name=L_0_0
Change Net Name : Old Net Name=Left_P_0 New Net Name=L_3_0
Change Net Name : Old Net Name=Right_P_0 New Net Name=L_8_0
Added Pin To Net: NetName=A_3_0 Pin=EL4-1
Added Pin To Net: NetName=A_3_0 Pin=XP13-1
Added Net: Name=A_3_0
Added Pin To Net: NetName=A_3 Pin=R27-1
Added Pin To Net: NetName=A_3 Pin=XP12-1
Added Net: Name=A_3
Added Pin To Net: NetName=Lamp_3 Pin=DD1-2
Added Pin To Net: NetName=Lamp_3 Pin=R24-1
Added Net: Name=Lamp_3
Added Pin To Net: NetName=N+180 Pin=La1-1
Added Pin To Net: NetName=N+180 Pin=XP13-3
Added Net: Name=N+180
Added Pin To Net: NetName=N_L_C Pin=DD1-12
Added Pin To Net: NetName=N_L_C Pin=R30-1
Added Net: Name=N_L_C
Added Pin To Net: NetName=N_L Pin=La1-2
Added Pin To Net: NetName=N_L Pin=R31-2
Added Pin To Net: NetName=N_L Pin=XP12-2
Added Pin To Net: NetName=N_L Pin=XP13-2
Added Net: Name=N_L
Added Pin To Net: NetName=NetDD1_27 Pin=DD1-27
Added Pin To Net: NetName=NetDD1_27 Pin=XP?-1
Added Net: Name=NetDD1_27
Added Pin To Net: NetName=NetDD1_28 Pin=DD1-28
Added Pin To Net: NetName=NetDD1_28 Pin=XP?-2
Added Net: Name=NetDD1_28
Added Pin To Net: NetName=NetR24_2 Pin=R24-2
Added Pin To Net: NetName=NetR24_2 Pin=VT10-1
Added Net: Name=NetR24_2
Added Pin To Net: NetName=NetR25_1 Pin=R25-1
Added Pin To Net: NetName=NetR25_1 Pin=VT10-3
Added Net: Name=NetR25_1
Added Pin To Net: NetName=NetR25_2 Pin=R25-2
Added Pin To Net: NetName=NetR25_2 Pin=R26-1
Added Pin To Net: NetName=NetR25_2 Pin=VT11-1
Added Net: Name=NetR25_2
Added Pin To Net: NetName=NetR27_2 Pin=R27-2
Added Pin To Net: NetName=NetR27_2 Pin=VT11-3
Added Net: Name=NetR27_2
Added Pin To Net: NetName=NetR31_1 Pin=R31-1
Added Pin To Net: NetName=NetR31_1 Pin=VD3-2
Added Pin To Net: NetName=NetR31_1 Pin=VT12-3
Added Net: Name=NetR31_1
Added Member To Class: ClassName=Lamps Member=Component EL4 IN-14
Added Member To Class: ClassName=Lamps Member=Component La1 Neon_lamp
Added Member To Class: ClassName=Lamp_C_Unit Member=Component R24 10k
Added Member To Class: ClassName=Lamp_C_Unit Member=Component R25 1M
Added Member To Class: ClassName=Lamp_C_Unit Member=Component R26 10k
Added Member To Class: ClassName=Lamp_C_Unit Member=Component R27 1k
Added Member To Class: ClassName=mcu Member=Component R28 10k
Added Member To Class: ClassName=Lamp_C_Unit Member=Component R30 10k
Added Member To Class: ClassName=Lamp_C_Unit Member=Component R31 300k
Added Member To Class: ClassName=Lamp_C_Unit Member=Component VD3 75V0
Added Member To Class: ClassName=Lamp_C_Unit Member=Component VT10 MMBTA42
Added Member To Class: ClassName=Lamp_C_Unit Member=Component VT11 MMBTA92
Added Member To Class: ClassName=Lamp_C_Unit Member=Component VT12 MMBTA42
Added Member To Class: ClassName=Lamp_C_Unit Member=Component XP12 PLS-5
Added Member To Class: ClassName=Lamps Member=Component XP13 PLS-5
Added Member To Class: ClassName=mcu Member=Component XP14 PLS-2
Added Member To Class: ClassName=mcu Member=Component XP? PLS-4
