Added Component: Designator=EL1(IN-14)
Added Component: Designator=EL2(IN-14)
Added Component: Designator=EL3(IN-14)
Added Component: Designator=EL4(IN-14)
Added Pin To Net: NetName=A_0_0 Pin=EL1-1
Added Pin To Net: NetName=Left_P_0 Pin=EL1-2
Added Pin To Net: NetName=L_1_0 Pin=EL1-3
Added Pin To Net: NetName=L_2_0 Pin=EL1-4
Added Pin To Net: NetName=L_3_0 Pin=EL1-5
Added Pin To Net: NetName=L_4_0 Pin=EL1-6
Added Pin To Net: NetName=L_5_0 Pin=EL1-7
Added Pin To Net: NetName=L_6_0 Pin=EL1-8
Added Pin To Net: NetName=L_7_0 Pin=EL1-9
Added Pin To Net: NetName=L_8_0 Pin=EL1-10
Added Pin To Net: NetName=L_9_0 Pin=EL1-11
Added Pin To Net: NetName=L_0_0 Pin=EL1-12
Added Pin To Net: NetName=Right_P_0 Pin=EL1-13
Added Pin To Net: NetName=A_1_0 Pin=EL2-1
Added Pin To Net: NetName=Left_P_0 Pin=EL2-2
Added Pin To Net: NetName=L_1_0 Pin=EL2-3
Added Pin To Net: NetName=L_2_0 Pin=EL2-4
Added Pin To Net: NetName=L_3_0 Pin=EL2-5
Added Pin To Net: NetName=L_4_0 Pin=EL2-6
Added Pin To Net: NetName=L_5_0 Pin=EL2-7
Added Pin To Net: NetName=L_6_0 Pin=EL2-8
Added Pin To Net: NetName=L_7_0 Pin=EL2-9
Added Pin To Net: NetName=L_8_0 Pin=EL2-10
Added Pin To Net: NetName=L_9_0 Pin=EL2-11
Added Pin To Net: NetName=L_0_0 Pin=EL2-12
Added Pin To Net: NetName=Right_P_0 Pin=EL2-13
Added Pin To Net: NetName=A_2_0 Pin=EL3-1
Added Pin To Net: NetName=Left_P_0 Pin=EL3-2
Added Pin To Net: NetName=L_1_0 Pin=EL3-3
Added Pin To Net: NetName=L_2_0 Pin=EL3-4
Added Pin To Net: NetName=L_3_0 Pin=EL3-5
Added Pin To Net: NetName=L_4_0 Pin=EL3-6
Added Pin To Net: NetName=L_5_0 Pin=EL3-7
Added Pin To Net: NetName=L_6_0 Pin=EL3-8
Added Pin To Net: NetName=L_7_0 Pin=EL3-9
Added Pin To Net: NetName=L_8_0 Pin=EL3-10
Added Pin To Net: NetName=L_9_0 Pin=EL3-11
Added Pin To Net: NetName=L_0_0 Pin=EL3-12
Added Pin To Net: NetName=Right_P_0 Pin=EL3-13
Added Pin To Net: NetName=A_3_0 Pin=EL4-1
Added Pin To Net: NetName=Left_P_0 Pin=EL4-2
Added Pin To Net: NetName=L_1_0 Pin=EL4-3
Added Pin To Net: NetName=L_2_0 Pin=EL4-4
Added Pin To Net: NetName=L_3_0 Pin=EL4-5
Added Pin To Net: NetName=L_4_0 Pin=EL4-6
Added Pin To Net: NetName=L_5_0 Pin=EL4-7
Added Pin To Net: NetName=L_6_0 Pin=EL4-8
Added Pin To Net: NetName=L_7_0 Pin=EL4-9
Added Pin To Net: NetName=L_8_0 Pin=EL4-10
Added Pin To Net: NetName=L_9_0 Pin=EL4-11
Added Pin To Net: NetName=L_0_0 Pin=EL4-12
Added Pin To Net: NetName=Right_P_0 Pin=EL4-13
Added Member To Class: ClassName=Lamps Member=Component EL1 IN-14
Added Member To Class: ClassName=Lamps Member=Component EL2 IN-14
Added Member To Class: ClassName=Lamps Member=Component EL3 IN-14
Added Member To Class: ClassName=Lamps Member=Component EL4 IN-14
