Removed Pin From Net: NetName=SGND Pin=C8-2
Removed Pin From Net: NetName=SGND Pin=C9-2
Removed Pin From Net: NetName=SGND Pin=C10-2
Removed Pin From Net: NetName=SGND Pin=C11-2
Removed Pin From Net: NetName=SGND Pin=C12-2
Removed Pin From Net: NetName=SGND Pin=DA1-4
Removed Pin From Net: NetName=SGND Pin=R17-1
Removed Pin From Net: NetName=SGND Pin=R18-1
Removed Pin From Net: NetName=+5V Pin=S1-2
Removed Pin From Net: NetName=SGND Pin=VD4-1
Removed Member From Class: ClassName=Power Member=C8
Removed Member From Class: ClassName=Power Member=C9
Removed Member From Class: ClassName=Power Member=C10
Removed Member From Class: ClassName=Power Member=C11
Removed Member From Class: ClassName=Power Member=C12
Removed Member From Class: ClassName=Power Member=DA1
Removed Member From Class: ClassName=Power Member=HL1
Removed Member From Class: ClassName=Power Member=L1
Removed Member From Class: ClassName=Power Member=R15
Removed Member From Class: ClassName=Power Member=R16
Removed Member From Class: ClassName=Power Member=R17
Removed Member From Class: ClassName=Power Member=R18
Removed Member From Class: ClassName=Power Member=S1
Removed Member From Class: ClassName=Power Member=VD3
Removed Member From Class: ClassName=Power Member=VD4
