Added Component: Designator=C1(CR2012-0805)
Added Component: Designator=C2(CR2012-0805)
Added Component: Designator=C3(CR2012-0805)
Added Component: Designator=C4(CR2012-0805)
Added Component: Designator=C5(CR2012-0805)
Added Component: Designator=C6(CR2012-0805)
Added Component: Designator=C7(CR2012-0805)
Added Component: Designator=C8(C8x11.5)
Added Component: Designator=C9(CR2012-0805)
Added Component: Designator=C10(CR2012-0805)
Added Component: Designator=C11(C8x11.5)
Added Component: Designator=C12(CR2012-0805)
Added Component: Designator=C13(C10x16)
Added Component: Designator=DA1(SOP8)
Added Component: Designator=DD1(*QFP80P900X900X120-32N)
Add component (AddParameter): Name = "Availability"; Value = "Unavailable"; VariantName = "[No Variations]"
Add component (AddParameter): Name = "MF"; Value = "Microchip Technology"; VariantName = "[No Variations]"
Add component (AddParameter): Name = "MP"; Value = "ATMEGA8-16AU"; VariantName = "[No Variations]"
Add component (AddParameter): Name = "Package"; Value = "TQFP-32 Microchip Technology"; VariantName = "[No Variations]"
Add component (AddParameter): Name = "Price"; Value = "None"; VariantName = "[No Variations]"
Add component (AddParameter): Name = "SnapEDA_Link"; Value = "https://www.snapeda.com/parts/ATMEGA8-16AU/Microchip/view-part/4246640/?ref=snap"; VariantName = "[No Variations]"
Add component (AddParameter): Name = "Value"; Value = ""; VariantName = "[No Variations]"
Added Component: Designator=DD2(DIP16)
Added Component: Designator=EL1(IN-16)
Added Component: Designator=EL2(IN-16)
Added Component: Designator=EL3(IN-16)
Added Component: Designator=HL1(CR3216-1206-LED)
Added Component: Designator=L1(SDR0805)
Added Component: Designator=L2(CHOKE1)
Added Component: Designator=R1(CR2012-0805)
Added Component: Designator=R2(CR2012-0805)
Added Component: Designator=R3(CR2012-0805)
Added Component: Designator=R4(CR2012-0805)
Added Component: Designator=R5(CR2012-0805)
Added Component: Designator=R6(CR2012-0805)
Added Component: Designator=R7(CR2012-0805)
Added Component: Designator=R8(CR2012-0805)
Added Component: Designator=R9(CR2012-0805)
Added Component: Designator=R10(CR2012-0805)
Added Component: Designator=R11(CR2012-0805)
Added Component: Designator=R12(CR2012-0805)
Added Component: Designator=R13(CR2012-0805)
Added Component: Designator=R14(CR2012-0805)
Added Component: Designator=R15(CR3216-1206)
Added Component: Designator=R16(CR2012-0805)
Added Component: Designator=R17(CR2012-0805)
Added Component: Designator=R18(CR2012-0805)
Added Component: Designator=R19(CR2012-0805)
Added Component: Designator=R20(CR2012-0805)
Added Component: Designator=R21(CR2012-0805)
Added Component: Designator=R22(CR2012-0805)
Added Component: Designator=S1(JUMP)
Added Component: Designator=S2(JUMP)
Added Component: Designator=VD1(SOD-80)
Added Component: Designator=VD2(SOD-80)
Added Component: Designator=VD3(SMA)
Added Component: Designator=VD4(SMA)
Added Component: Designator=VD5(DO-41)
Added Component: Designator=VT1(SOT-23)
Added Component: Designator=VT2(SOT-23)
Added Component: Designator=VT3(SOT-23)
Added Component: Designator=VT4(SOT-23)
Added Component: Designator=VT5(SOT-23)
Added Component: Designator=VT6(SOT-23)
Added Component: Designator=VT7(SOT-23)
Added Component: Designator=VT9(TO-252)
Added Component: Designator=VT?(SOT-23)
Added Component: Designator=XP1(PLS-6)
Added Component: Designator=XP2(PLS-2)
Added Component: Designator=XP3(PLS-2)
Added Component: Designator=XP4(PLS-3)
Added Component: Designator=XP5(PLS-3)
Added Component: Designator=XP6(PLS-5)
Added Component: Designator=XP7(PLS-5)
Added Component: Designator=XP8(PLS-5)
Added Component: Designator=XP9(PLS-5)
Added Component: Designator=XP10(PLS-5)
Added Component: Designator=XP11(PLS-5)
Added Component: Designator=XT1(PAD_R2R1)
Added Component: Designator=XT2(PAD_R2R1)
Added Component: Designator=XT3(PAD_R2R1)
Added Component: Designator=ZQ1(CRYSTAL)
Added Pin To Net: NetName=+5V Pin=C1-1
Added Pin To Net: NetName=+5V Pin=C2-1
Added Pin To Net: NetName=+5V Pin=C3-1
Added Pin To Net: NetName=+5V Pin=C4-1
Added Pin To Net: NetName=+5V Pin=DD1-4
Added Pin To Net: NetName=+5V Pin=DD1-6
Added Pin To Net: NetName=+5V Pin=DD1-18
Added Pin To Net: NetName=+5V Pin=DD2-5
Added Pin To Net: NetName=+5V Pin=L2-1
Added Pin To Net: NetName=+5V Pin=R1-1
Added Pin To Net: NetName=+5V Pin=R3-1
Added Pin To Net: NetName=+5V Pin=S1-2
Added Pin To Net: NetName=+5V Pin=XP1-1
Added Pin To Net: NetName=+5V Pin=XP2-2
Added Pin To Net: NetName=+5V Pin=XP4-2
Added Pin To Net: NetName=+5V Pin=XP5-3
Added Net: Name=+5V
Added Pin To Net: NetName=+12V Pin=C8-1
Added Pin To Net: NetName=+12V Pin=C9-1
Added Pin To Net: NetName=+12V Pin=VD3-1
Added Pin To Net: NetName=+12V Pin=XP4-1
Added Net: Name=+12V
Added Pin To Net: NetName=+180V Pin=S2-1
Added Pin To Net: NetName=+180V Pin=VT2-2
Added Pin To Net: NetName=+180V Pin=VT3-2
Added Pin To Net: NetName=+180V Pin=VT5-2
Added Net: Name=+180V
Added Pin To Net: NetName=1 Pin=DD1-2
Added Pin To Net: NetName=1 Pin=DD2-3
Added Net: Name=1
Added Pin To Net: NetName=2 Pin=DD1-9
Added Pin To Net: NetName=2 Pin=DD2-6
Added Net: Name=2
Added Pin To Net: NetName=4 Pin=DD1-10
Added Pin To Net: NetName=4 Pin=DD2-7
Added Net: Name=4
Added Pin To Net: NetName=8 Pin=DD1-11
Added Pin To Net: NetName=8 Pin=DD2-4
Added Net: Name=8
Added Pin To Net: NetName=A_0_0 Pin=EL1-1
Added Pin To Net: NetName=A_0_0 Pin=XP11-3
Added Net: Name=A_0_0
Added Pin To Net: NetName=A_0 Pin=R20-1
Added Pin To Net: NetName=A_0 Pin=XP8-3
Added Net: Name=A_0
Added Pin To Net: NetName=A_1_0 Pin=EL2-1
Added Pin To Net: NetName=A_1_0 Pin=XP11-4
Added Net: Name=A_1_0
Added Pin To Net: NetName=A_1 Pin=R21-1
Added Pin To Net: NetName=A_1 Pin=XP8-4
Added Net: Name=A_1
Added Pin To Net: NetName=A_2_0 Pin=EL3-1
Added Pin To Net: NetName=A_2_0 Pin=XP11-5
Added Net: Name=A_2_0
Added Pin To Net: NetName=A_2 Pin=R22-1
Added Pin To Net: NetName=A_2 Pin=XP8-5
Added Net: Name=A_2
Added Pin To Net: NetName=DS_0 Pin=DD1-1
Added Pin To Net: NetName=DS_0 Pin=XP5-2
Added Net: Name=DS_0
Added Pin To Net: NetName=L_0_0 Pin=EL1-13
Added Pin To Net: NetName=L_0_0 Pin=EL2-13
Added Pin To Net: NetName=L_0_0 Pin=EL3-13
Added Pin To Net: NetName=L_0_0 Pin=XP9-1
Added Net: Name=L_0_0
Added Pin To Net: NetName=L_0 Pin=DD2-16
Added Pin To Net: NetName=L_0 Pin=XP6-1
Added Net: Name=L_0
Added Pin To Net: NetName=L_1_0 Pin=EL1-2
Added Pin To Net: NetName=L_1_0 Pin=EL2-2
Added Pin To Net: NetName=L_1_0 Pin=EL3-2
Added Pin To Net: NetName=L_1_0 Pin=XP9-2
Added Net: Name=L_1_0
Added Pin To Net: NetName=L_1 Pin=DD2-15
Added Pin To Net: NetName=L_1 Pin=XP6-2
Added Net: Name=L_1
Added Pin To Net: NetName=L_2_0 Pin=EL1-9
Added Pin To Net: NetName=L_2_0 Pin=EL2-9
Added Pin To Net: NetName=L_2_0 Pin=EL3-9
Added Pin To Net: NetName=L_2_0 Pin=XP9-3
Added Net: Name=L_2_0
Added Pin To Net: NetName=L_2 Pin=DD2-8
Added Pin To Net: NetName=L_2 Pin=XP6-3
Added Net: Name=L_2
Added Pin To Net: NetName=L_3_0 Pin=EL1-4
Added Pin To Net: NetName=L_3_0 Pin=EL2-4
Added Pin To Net: NetName=L_3_0 Pin=EL3-4
Added Pin To Net: NetName=L_3_0 Pin=XP9-4
Added Net: Name=L_3_0
Added Pin To Net: NetName=L_3 Pin=DD2-9
Added Pin To Net: NetName=L_3 Pin=XP6-4
Added Net: Name=L_3
Added Pin To Net: NetName=L_4_0 Pin=EL1-6
Added Pin To Net: NetName=L_4_0 Pin=EL2-6
Added Pin To Net: NetName=L_4_0 Pin=EL3-6
Added Pin To Net: NetName=L_4_0 Pin=XP9-5
Added Net: Name=L_4_0
Added Pin To Net: NetName=L_4 Pin=DD2-13
Added Pin To Net: NetName=L_4 Pin=XP6-5
Added Net: Name=L_4
Added Pin To Net: NetName=L_5_0 Pin=EL1-7
Added Pin To Net: NetName=L_5_0 Pin=EL2-7
Added Pin To Net: NetName=L_5_0 Pin=EL3-7
Added Pin To Net: NetName=L_5_0 Pin=XP10-1
Added Net: Name=L_5_0
Added Pin To Net: NetName=L_5 Pin=DD2-14
Added Pin To Net: NetName=L_5 Pin=XP7-1
Added Net: Name=L_5
Added Pin To Net: NetName=L_6_0 Pin=EL1-8
Added Pin To Net: NetName=L_6_0 Pin=EL2-8
Added Pin To Net: NetName=L_6_0 Pin=EL3-8
Added Pin To Net: NetName=L_6_0 Pin=XP10-2
Added Net: Name=L_6_0
Added Pin To Net: NetName=L_6 Pin=DD2-11
Added Pin To Net: NetName=L_6 Pin=XP7-2
Added Net: Name=L_6
Added Pin To Net: NetName=L_7_0 Pin=EL1-3
Added Pin To Net: NetName=L_7_0 Pin=EL2-3
Added Pin To Net: NetName=L_7_0 Pin=EL3-3
Added Pin To Net: NetName=L_7_0 Pin=XP10-3
Added Net: Name=L_7_0
Added Pin To Net: NetName=L_7 Pin=DD2-10
Added Pin To Net: NetName=L_7 Pin=XP7-3
Added Net: Name=L_7
Added Pin To Net: NetName=L_8_0 Pin=EL1-11
Added Pin To Net: NetName=L_8_0 Pin=EL2-11
Added Pin To Net: NetName=L_8_0 Pin=EL3-11
Added Pin To Net: NetName=L_8_0 Pin=XP10-4
Added Net: Name=L_8_0
Added Pin To Net: NetName=L_8 Pin=DD2-1
Added Pin To Net: NetName=L_8 Pin=XP7-4
Added Net: Name=L_8
Added Pin To Net: NetName=L_9_0 Pin=EL1-12
Added Pin To Net: NetName=L_9_0 Pin=EL2-12
Added Pin To Net: NetName=L_9_0 Pin=EL3-12
Added Pin To Net: NetName=L_9_0 Pin=XP10-5
Added Net: Name=L_9_0
Added Pin To Net: NetName=L_9 Pin=DD2-2
Added Pin To Net: NetName=L_9 Pin=XP7-5
Added Net: Name=L_9
Added Pin To Net: NetName=L_point Pin=DD1-30
Added Pin To Net: NetName=L_point Pin=R13-1
Added Net: Name=L_point
Added Pin To Net: NetName=Lamp_0 Pin=DD1-24
Added Pin To Net: NetName=Lamp_0 Pin=R4-1
Added Net: Name=Lamp_0
Added Pin To Net: NetName=Lamp_1 Pin=DD1-25
Added Pin To Net: NetName=Lamp_1 Pin=R7-1
Added Net: Name=Lamp_1
Added Pin To Net: NetName=Lamp_2 Pin=DD1-26
Added Pin To Net: NetName=Lamp_2 Pin=R10-1
Added Net: Name=Lamp_2
Added Pin To Net: NetName=Left_P_0 Pin=EL1-5
Added Pin To Net: NetName=Left_P_0 Pin=EL2-5
Added Pin To Net: NetName=Left_P_0 Pin=EL3-5
Added Pin To Net: NetName=Left_P_0 Pin=XP11-1
Added Net: Name=Left_P_0
Added Pin To Net: NetName=Left_P Pin=VD1-2
Added Pin To Net: NetName=Left_P Pin=VT6-3
Added Pin To Net: NetName=Left_P Pin=XP8-1
Added Net: Name=Left_P
Added Pin To Net: NetName=NetC5_2 Pin=C5-2
Added Pin To Net: NetName=NetC5_2 Pin=DD1-20
Added Net: Name=NetC5_2
Added Pin To Net: NetName=NetC6_2 Pin=C6-2
Added Pin To Net: NetName=NetC6_2 Pin=DD1-7
Added Pin To Net: NetName=NetC6_2 Pin=ZQ1-1
Added Net: Name=NetC6_2
Added Pin To Net: NetName=NetC7_2 Pin=C7-2
Added Pin To Net: NetName=NetC7_2 Pin=DD1-8
Added Pin To Net: NetName=NetC7_2 Pin=ZQ1-2
Added Net: Name=NetC7_2
Added Pin To Net: NetName=NetC10_1 Pin=C10-1
Added Pin To Net: NetName=NetC10_1 Pin=DA1-3
Added Net: Name=NetC10_1
Added Pin To Net: NetName=NetC11_1 Pin=C11-1
Added Pin To Net: NetName=NetC11_1 Pin=C12-1
Added Pin To Net: NetName=NetC11_1 Pin=HL1-1
Added Pin To Net: NetName=NetC11_1 Pin=L1-2
Added Pin To Net: NetName=NetC11_1 Pin=R16-2
Added Pin To Net: NetName=NetC11_1 Pin=S1-1
Added Net: Name=NetC11_1
Added Pin To Net: NetName=NetC13_1 Pin=C13-1
Added Pin To Net: NetName=NetC13_1 Pin=S2-2
Added Pin To Net: NetName=NetC13_1 Pin=VD5-2
Added Net: Name=NetC13_1
Added Pin To Net: NetName=NetDA1_1 Pin=DA1-1
Added Pin To Net: NetName=NetDA1_1 Pin=DA1-7
Added Pin To Net: NetName=NetDA1_1 Pin=DA1-8
Added Pin To Net: NetName=NetDA1_1 Pin=R15-2
Added Net: Name=NetDA1_1
Added Pin To Net: NetName=NetDA1_2 Pin=DA1-2
Added Pin To Net: NetName=NetDA1_2 Pin=L1-1
Added Pin To Net: NetName=NetDA1_2 Pin=VD4-2
Added Net: Name=NetDA1_2
Added Pin To Net: NetName=NetDA1_5 Pin=DA1-5
Added Pin To Net: NetName=NetDA1_5 Pin=R16-1
Added Pin To Net: NetName=NetDA1_5 Pin=R17-2
Added Net: Name=NetDA1_5
Added Pin To Net: NetName=NetDA1_6 Pin=DA1-6
Added Pin To Net: NetName=NetDA1_6 Pin=R15-1
Added Pin To Net: NetName=NetDA1_6 Pin=VD3-2
Added Net: Name=NetDA1_6
Added Pin To Net: NetName=NetDD1_13 Pin=DD1-13
Added Pin To Net: NetName=NetDD1_13 Pin=XT1-1
Added Net: Name=NetDD1_13
Added Pin To Net: NetName=NetDD1_15 Pin=DD1-15
Added Pin To Net: NetName=NetDD1_15 Pin=XP1-5
Added Net: Name=NetDD1_15
Added Pin To Net: NetName=NetDD1_16 Pin=DD1-16
Added Pin To Net: NetName=NetDD1_16 Pin=XP1-4
Added Net: Name=NetDD1_16
Added Pin To Net: NetName=NetDD1_17 Pin=DD1-17
Added Pin To Net: NetName=NetDD1_17 Pin=XP1-6
Added Net: Name=NetDD1_17
Added Pin To Net: NetName=NetDD1_23 Pin=DD1-23
Added Pin To Net: NetName=NetDD1_23 Pin=R3-2
Added Pin To Net: NetName=NetDD1_23 Pin=XP3-1
Added Net: Name=NetDD1_23
Added Pin To Net: NetName=NetDD1_27 Pin=DD1-27
Added Pin To Net: NetName=NetDD1_27 Pin=XT2-1
Added Net: Name=NetDD1_27
Added Pin To Net: NetName=NetDD1_28 Pin=DD1-28
Added Pin To Net: NetName=NetDD1_28 Pin=XT3-1
Added Net: Name=NetDD1_28
Added Pin To Net: NetName=NetDD1_29 Pin=DD1-29
Added Pin To Net: NetName=NetDD1_29 Pin=R1-2
Added Pin To Net: NetName=NetDD1_29 Pin=XP1-3
Added Net: Name=NetDD1_29
Added Pin To Net: NetName=NetDD1_32 Pin=DD1-32
Added Pin To Net: NetName=NetDD1_32 Pin=R2-2
Added Pin To Net: NetName=NetDD1_32 Pin=XP2-1
Added Net: Name=NetDD1_32
Added Pin To Net: NetName=NetHL1_2 Pin=HL1-2
Added Pin To Net: NetName=NetHL1_2 Pin=R18-2
Added Net: Name=NetHL1_2
Added Pin To Net: NetName=NetL2_2 Pin=L2-2
Added Pin To Net: NetName=NetL2_2 Pin=VD5-1
Added Pin To Net: NetName=NetL2_2 Pin=VT9-3
Added Net: Name=NetL2_2
Added Pin To Net: NetName=NetR4_2 Pin=R4-2
Added Pin To Net: NetName=NetR4_2 Pin=VT1-1
Added Net: Name=NetR4_2
Added Pin To Net: NetName=NetR5_1 Pin=R5-1
Added Pin To Net: NetName=NetR5_1 Pin=VT1-3
Added Net: Name=NetR5_1
Added Pin To Net: NetName=NetR5_2 Pin=R5-2
Added Pin To Net: NetName=NetR5_2 Pin=R6-1
Added Pin To Net: NetName=NetR5_2 Pin=VT2-1
Added Net: Name=NetR5_2
Added Pin To Net: NetName=NetR6_2 Pin=R6-2
Added Pin To Net: NetName=NetR6_2 Pin=R20-2
Added Pin To Net: NetName=NetR6_2 Pin=VT2-3
Added Net: Name=NetR6_2
Added Pin To Net: NetName=NetR7_2 Pin=R7-2
Added Pin To Net: NetName=NetR7_2 Pin=VT?-1
Added Net: Name=NetR7_2
Added Pin To Net: NetName=NetR8_1 Pin=R8-1
Added Pin To Net: NetName=NetR8_1 Pin=VT?-3
Added Net: Name=NetR8_1
Added Pin To Net: NetName=NetR8_2 Pin=R8-2
Added Pin To Net: NetName=NetR8_2 Pin=R9-1
Added Pin To Net: NetName=NetR8_2 Pin=VT3-1
Added Net: Name=NetR8_2
Added Pin To Net: NetName=NetR9_2 Pin=R9-2
Added Pin To Net: NetName=NetR9_2 Pin=R21-2
Added Pin To Net: NetName=NetR9_2 Pin=VT3-3
Added Net: Name=NetR9_2
Added Pin To Net: NetName=NetR10_2 Pin=R10-2
Added Pin To Net: NetName=NetR10_2 Pin=VT4-1
Added Net: Name=NetR10_2
Added Pin To Net: NetName=NetR11_1 Pin=R11-1
Added Pin To Net: NetName=NetR11_1 Pin=VT4-3
Added Net: Name=NetR11_1
Added Pin To Net: NetName=NetR11_2 Pin=R11-2
Added Pin To Net: NetName=NetR11_2 Pin=R12-1
Added Pin To Net: NetName=NetR11_2 Pin=VT5-1
Added Net: Name=NetR11_2
Added Pin To Net: NetName=NetR12_2 Pin=R12-2
Added Pin To Net: NetName=NetR12_2 Pin=R22-2
Added Pin To Net: NetName=NetR12_2 Pin=VT5-3
Added Net: Name=NetR12_2
Added Pin To Net: NetName=NetR13_2 Pin=R13-2
Added Pin To Net: NetName=NetR13_2 Pin=VT6-1
Added Net: Name=NetR13_2
Added Pin To Net: NetName=NetR14_2 Pin=R14-2
Added Pin To Net: NetName=NetR14_2 Pin=VT7-1
Added Net: Name=NetR14_2
Added Pin To Net: NetName=NetR19_2 Pin=R19-2
Added Pin To Net: NetName=NetR19_2 Pin=VT9-1
Added Net: Name=NetR19_2
Added Pin To Net: NetName=PWM_1 Pin=DD1-12
Added Pin To Net: NetName=PWM_1 Pin=R19-1
Added Net: Name=PWM_1
Added Pin To Net: NetName=R_point Pin=DD1-31
Added Pin To Net: NetName=R_point Pin=R14-1
Added Net: Name=R_point
Added Pin To Net: NetName=Right_P_0 Pin=EL1-10
Added Pin To Net: NetName=Right_P_0 Pin=EL2-10
Added Pin To Net: NetName=Right_P_0 Pin=EL3-10
Added Pin To Net: NetName=Right_P_0 Pin=XP11-2
Added Net: Name=Right_P_0
Added Pin To Net: NetName=Right_P Pin=VD2-2
Added Pin To Net: NetName=Right_P Pin=VT7-3
Added Pin To Net: NetName=Right_P Pin=XP8-2
Added Net: Name=Right_P
Added Pin To Net: NetName=SGND Pin=C1-2
Added Pin To Net: NetName=SGND Pin=C2-2
Added Pin To Net: NetName=SGND Pin=C3-2
Added Pin To Net: NetName=SGND Pin=C4-2
Added Pin To Net: NetName=SGND Pin=C5-1
Added Pin To Net: NetName=SGND Pin=C6-1
Added Pin To Net: NetName=SGND Pin=C7-1
Added Pin To Net: NetName=SGND Pin=C8-2
Added Pin To Net: NetName=SGND Pin=C9-2
Added Pin To Net: NetName=SGND Pin=C10-2
Added Pin To Net: NetName=SGND Pin=C11-2
Added Pin To Net: NetName=SGND Pin=C12-2
Added Pin To Net: NetName=SGND Pin=C13-2
Added Pin To Net: NetName=SGND Pin=DA1-4
Added Pin To Net: NetName=SGND Pin=DD1-3
Added Pin To Net: NetName=SGND Pin=DD1-5
Added Pin To Net: NetName=SGND Pin=DD1-21
Added Pin To Net: NetName=SGND Pin=DD2-12
Added Pin To Net: NetName=SGND Pin=R2-1
Added Pin To Net: NetName=SGND Pin=R17-1
Added Pin To Net: NetName=SGND Pin=R18-1
Added Pin To Net: NetName=SGND Pin=VD1-1
Added Pin To Net: NetName=SGND Pin=VD2-1
Added Pin To Net: NetName=SGND Pin=VD4-1
Added Pin To Net: NetName=SGND Pin=VT1-2
Added Pin To Net: NetName=SGND Pin=VT4-2
Added Pin To Net: NetName=SGND Pin=VT6-2
Added Pin To Net: NetName=SGND Pin=VT7-2
Added Pin To Net: NetName=SGND Pin=VT9-2
Added Pin To Net: NetName=SGND Pin=VT?-2
Added Pin To Net: NetName=SGND Pin=XP1-2
Added Pin To Net: NetName=SGND Pin=XP3-2
Added Pin To Net: NetName=SGND Pin=XP4-3
Added Pin To Net: NetName=SGND Pin=XP5-1
Added Net: Name=SGND
Added Class: Name=Lamp_C_Unit
Added Class: Name=Lamps
Added Class: Name=mcu
Added Class: Name=Power
Added Room: Name=Lamp_C_Unit
Added Room: Name=Lamps
Added Room: Name=mcu
Added Room: Name=Power
