Removed Pin From Net: NetName=NetR6_2 Pin=R6-2
Removed Pin From Net: NetName=NetR9_2 Pin=R9-2
Removed Pin From Net: NetName=NetR12_2 Pin=R12-2
Removed Pin From Net: NetName=NetR6_2 Pin=R20-2
Removed Pin From Net: NetName=NetR12_2 Pin=R22-2
Removed Pin From Net: NetName=NetR6_2 Pin=VT2-3
Removed Pin From Net: NetName=NetR12_2 Pin=VT5-3
Change Component Designator: OldDesignator=VT? NewDesignator=VT
Change Component Description : Designator=DD1 Old Description=AVR AVR® ATmega Microcontroller IC 8-Bit 16MHz 8KB _4K x 16_ FLASH 32-TQFP _7x7_ New Description=
AVR AVR® ATmega Microcontroller IC 8-Bit 16MHz 8KB _4K x 16_ FLASH 32-TQFP _7x7_

Added Pin To Net: NetName=+180V Pin=R6-2
Added Pin To Net: NetName=+180V Pin=R9-2
Added Pin To Net: NetName=+180V Pin=R12-2
Added Pin To Net: NetName=NetR12_2 Pin=R20-2
Added Pin To Net: NetName=NetR6_2 Pin=R22-2
Added Pin To Net: NetName=NetR12_2 Pin=VT2-3
Added Pin To Net: NetName=NetR6_2 Pin=VT5-3
Change Net Name : Old Net Name=NetR6_2 New Net Name=NetR22_2
Change Net Name : Old Net Name=NetR9_2 New Net Name=NetR21_2
Change Net Name : Old Net Name=NetR12_2 New Net Name=NetR20_2
